<?xml version="1.0" encoding="UTF-8"?>
<!-- Generated by org.testng.reporters.JUnitXMLReporter -->
<testsuite hostname="DESKTOP-QLG16RH" ignored="0" name="Default test" tests="3" failures="0" timestamp="18 Dec 2018 11:17:16 GMT" time="73.318" errors="0">
  <testcase name="verifyContactslinksTest" time="2.324" classname="com.crm.qa.testcases.HomePageTest"/>
  <testcase name="verifyHomePageTitleTest" time="0.05" classname="com.crm.qa.testcases.HomePageTest"/>
  <testcase name="verifyUsernameTest" time="0.222" classname="com.crm.qa.testcases.HomePageTest"/>
</testsuite> <!-- Default test -->
